<?xml version="1.0" encoding="UTF-8"?>
<!-- Generated by org.testng.reporters.JUnitReportReporter -->
<testsuite hostname="DESKTOP-MPC1V8S" failures="0" tests="1" name="com.Guru99.Testcases.ValidLoginTestCase" time="3.297" errors="0" timestamp="06 Jun 2020 18:50:53 GMT" skipped="0">
  <testcase classname="com.Guru99.Testcases.ValidLoginTestCase" name="LoginApp" time="3.297"/>
</testsuite> <!-- com.Guru99.Testcases.ValidLoginTestCase -->
