<?xml version="1.0" encoding="UTF-8"?>
<!-- Generated by org.testng.reporters.JUnitReportReporter -->
<testsuite hostname="DESKTOP-MPC1V8S" failures="0" tests="1" name="com.Guru99.Testcases.LoginTestCase" time="6.259" errors="0" timestamp="07 Jun 2020 00:57:11 GMT" skipped="0">
  <testcase classname="com.Guru99.Testcases.LoginTestCase" name="ValidLoginToApp" time="6.259"/>
</testsuite> <!-- com.Guru99.Testcases.LoginTestCase -->
