<?xml version="1.0" encoding="UTF-8"?>
<!-- Generated by org.testng.reporters.JUnitReportReporter -->
<testsuite hostname="DESKTOP-MPC1V8S" failures="0" tests="1" name="com.Guru99.Testcases.LoginTestCase" time="3.794" errors="0" timestamp="30 May 2020 03:20:52 GMT" skipped="0">
  <testcase classname="com.Guru99.Testcases.LoginTestCase" name="LoginApp" time="3.794"/>
</testsuite> <!-- com.Guru99.Testcases.LoginTestCase -->
